[debug] [2023-06-08T01:28:02.658Z] ----------------------------------------------------------------------
[debug] [2023-06-08T01:28:02.659Z] Command:       /Users/yusufciftci/.nvm/versions/node/v18.12.1/bin/node /Users/yusufciftci/.nvm/versions/node/v18.12.1/bin/firebase init hosting
[debug] [2023-06-08T01:28:02.659Z] CLI Version:   11.24.0
[debug] [2023-06-08T01:28:02.659Z] Platform:      darwin
[debug] [2023-06-08T01:28:02.659Z] Node Version:  v18.12.1
[debug] [2023-06-08T01:28:02.659Z] Time:          Thu Jun 08 2023 04:28:02 GMT+0300 (GMT+03:00)
[debug] [2023-06-08T01:28:02.659Z] ----------------------------------------------------------------------
[debug] 
[debug] [2023-06-08T01:28:02.662Z] > command requires scopes: ["email","openid","https://www.googleapis.com/auth/cloudplatformprojects.readonly","https://www.googleapis.com/auth/firebase","https://www.googleapis.com/auth/cloud-platform"]
[debug] [2023-06-08T01:28:02.662Z] > authorizing via signed-in user (yusufciftci.55@gmail.com)
[info] 
     ######## #### ########  ######## ########     ###     ######  ########
     ##        ##  ##     ## ##       ##     ##  ##   ##  ##       ##
     ######    ##  ########  ######   ########  #########  ######  ######
     ##        ##  ##    ##  ##       ##     ## ##     ##       ## ##
     ##       #### ##     ## ######## ########  ##     ##  ######  ########

You're about to initialize a Firebase project in this directory:

  /Users/yusufciftci/job-task/react-pokedex

[info] 
=== Project Setup
[info] 
[info] First, let's associate this project directory with a Firebase project.
[info] You can create multiple project aliases by running firebase use --add, 
[info] but for now we'll just set up a default project.
[info] 
[info] i  If you want to create a project in a Google Cloud organization or folder, please use "firebase projects:create" instead, and return to this command when you've created the project. 
[debug] [2023-06-08T01:28:27.764Z] >>> [apiv2][query] POST https://cloudresourcemanager.googleapis.com/v1/projects [none]
[debug] [2023-06-08T01:28:27.765Z] >>> [apiv2][body] POST https://cloudresourcemanager.googleapis.com/v1/projects {"projectId":"poke","name":"pokedex"}
[debug] [2023-06-08T01:28:28.741Z] <<< [apiv2][status] POST https://cloudresourcemanager.googleapis.com/v1/projects 400
[debug] [2023-06-08T01:28:28.741Z] <<< [apiv2][body] POST https://cloudresourcemanager.googleapis.com/v1/projects {"error":{"code":400,"message":"field [project_id] has issue [project_id must be at least 6 characters long]","status":"INVALID_ARGUMENT","details":[{"@type":"type.googleapis.com/google.rpc.BadRequest","fieldViolations":[{"field":"project_id","description":"project_id must be at least 6 characters long"}]},{"@type":"type.googleapis.com/google.rpc.Help","links":[{"url":"https://cloud.google.com/resource-manager/reference/rest/v1/projects"}]}]}}
[debug] [2023-06-08T01:28:28.743Z] FirebaseError: HTTP Error: 400, field [project_id] has issue [project_id must be at least 6 characters long]
    at responseToError (/Users/yusufciftci/.nvm/versions/node/v18.12.1/lib/node_modules/firebase-tools/lib/responseToError.js:49:12)
    at RetryOperation._fn (/Users/yusufciftci/.nvm/versions/node/v18.12.1/lib/node_modules/firebase-tools/lib/apiv2.js:288:77)
    at process.processTicksAndRejections (node:internal/process/task_queues:95:5)
[error] 
[error] Error: Failed to create project. See firebase-debug.log for more info.
[debug] [2023-06-08T01:28:45.573Z] ----------------------------------------------------------------------
[debug] [2023-06-08T01:28:45.574Z] Command:       /Users/yusufciftci/.nvm/versions/node/v18.12.1/bin/node /Users/yusufciftci/.nvm/versions/node/v18.12.1/bin/firebase init hosting
[debug] [2023-06-08T01:28:45.574Z] CLI Version:   11.24.0
[debug] [2023-06-08T01:28:45.574Z] Platform:      darwin
[debug] [2023-06-08T01:28:45.574Z] Node Version:  v18.12.1
[debug] [2023-06-08T01:28:45.575Z] Time:          Thu Jun 08 2023 04:28:45 GMT+0300 (GMT+03:00)
[debug] [2023-06-08T01:28:45.575Z] ----------------------------------------------------------------------
[debug] 
[debug] [2023-06-08T01:28:45.577Z] > command requires scopes: ["email","openid","https://www.googleapis.com/auth/cloudplatformprojects.readonly","https://www.googleapis.com/auth/firebase","https://www.googleapis.com/auth/cloud-platform"]
[debug] [2023-06-08T01:28:45.577Z] > authorizing via signed-in user (yusufciftci.55@gmail.com)
[info] 
     ######## #### ########  ######## ########     ###     ######  ########
     ##        ##  ##     ## ##       ##     ##  ##   ##  ##       ##
     ######    ##  ########  ######   ########  #########  ######  ######
     ##        ##  ##    ##  ##       ##     ## ##     ##       ## ##
     ##       #### ##     ## ######## ########  ##     ##  ######  ########

You're about to initialize a Firebase project in this directory:

  /Users/yusufciftci/job-task/react-pokedex

[info] 
=== Project Setup
[info] 
[info] First, let's associate this project directory with a Firebase project.
[info] You can create multiple project aliases by running firebase use --add, 
[info] but for now we'll just set up a default project.
[info] 
[info] i  If you want to create a project in a Google Cloud organization or folder, please use "firebase projects:create" instead, and return to this command when you've created the project. 
[debug] [2023-06-08T01:29:01.853Z] >>> [apiv2][query] POST https://cloudresourcemanager.googleapis.com/v1/projects [none]
[debug] [2023-06-08T01:29:01.853Z] >>> [apiv2][body] POST https://cloudresourcemanager.googleapis.com/v1/projects {"projectId":"pokedex","name":"pokedex"}
[debug] [2023-06-08T01:29:03.013Z] <<< [apiv2][status] POST https://cloudresourcemanager.googleapis.com/v1/projects 409
[debug] [2023-06-08T01:29:03.014Z] <<< [apiv2][body] POST https://cloudresourcemanager.googleapis.com/v1/projects {"error":{"code":409,"message":"Requested entity already exists","status":"ALREADY_EXISTS"}}
[debug] [2023-06-08T01:29:03.016Z] FirebaseError: HTTP Error: 409, Requested entity already exists
    at responseToError (/Users/yusufciftci/.nvm/versions/node/v18.12.1/lib/node_modules/firebase-tools/lib/responseToError.js:49:12)
    at RetryOperation._fn (/Users/yusufciftci/.nvm/versions/node/v18.12.1/lib/node_modules/firebase-tools/lib/apiv2.js:288:77)
    at process.processTicksAndRejections (node:internal/process/task_queues:95:5)
[error] 
[error] Error: Failed to create project because there is already a project with ID pokedex. Please try again with a unique project ID.
[debug] [2023-06-08T01:29:09.815Z] ----------------------------------------------------------------------
[debug] [2023-06-08T01:29:09.816Z] Command:       /Users/yusufciftci/.nvm/versions/node/v18.12.1/bin/node /Users/yusufciftci/.nvm/versions/node/v18.12.1/bin/firebase init hosting
[debug] [2023-06-08T01:29:09.816Z] CLI Version:   11.24.0
[debug] [2023-06-08T01:29:09.816Z] Platform:      darwin
[debug] [2023-06-08T01:29:09.816Z] Node Version:  v18.12.1
[debug] [2023-06-08T01:29:09.817Z] Time:          Thu Jun 08 2023 04:29:09 GMT+0300 (GMT+03:00)
[debug] [2023-06-08T01:29:09.817Z] ----------------------------------------------------------------------
[debug] 
[debug] [2023-06-08T01:29:09.819Z] > command requires scopes: ["email","openid","https://www.googleapis.com/auth/cloudplatformprojects.readonly","https://www.googleapis.com/auth/firebase","https://www.googleapis.com/auth/cloud-platform"]
[debug] [2023-06-08T01:29:09.819Z] > authorizing via signed-in user (yusufciftci.55@gmail.com)
[info] 
     ######## #### ########  ######## ########     ###     ######  ########
     ##        ##  ##     ## ##       ##     ##  ##   ##  ##       ##
     ######    ##  ########  ######   ########  #########  ######  ######
     ##        ##  ##    ##  ##       ##     ## ##     ##       ## ##
     ##       #### ##     ## ######## ########  ##     ##  ######  ########

You're about to initialize a Firebase project in this directory:

  /Users/yusufciftci/job-task/react-pokedex

[info] 
=== Project Setup
[info] 
[info] First, let's associate this project directory with a Firebase project.
[info] You can create multiple project aliases by running firebase use --add, 
[info] but for now we'll just set up a default project.
[info] 
[info] i  If you want to create a project in a Google Cloud organization or folder, please use "firebase projects:create" instead, and return to this command when you've created the project. 
[debug] [2023-06-08T01:29:14.567Z] >>> [apiv2][query] POST https://cloudresourcemanager.googleapis.com/v1/projects [none]
[debug] [2023-06-08T01:29:14.567Z] >>> [apiv2][body] POST https://cloudresourcemanager.googleapis.com/v1/projects {"projectId":"pokedex","name":"poke"}
[debug] [2023-06-08T01:29:15.662Z] <<< [apiv2][status] POST https://cloudresourcemanager.googleapis.com/v1/projects 409
[debug] [2023-06-08T01:29:15.662Z] <<< [apiv2][body] POST https://cloudresourcemanager.googleapis.com/v1/projects {"error":{"code":409,"message":"Requested entity already exists","status":"ALREADY_EXISTS"}}
[debug] [2023-06-08T01:29:15.665Z] FirebaseError: HTTP Error: 409, Requested entity already exists
    at responseToError (/Users/yusufciftci/.nvm/versions/node/v18.12.1/lib/node_modules/firebase-tools/lib/responseToError.js:49:12)
    at RetryOperation._fn (/Users/yusufciftci/.nvm/versions/node/v18.12.1/lib/node_modules/firebase-tools/lib/apiv2.js:288:77)
    at process.processTicksAndRejections (node:internal/process/task_queues:95:5)
[error] 
[error] Error: Failed to create project because there is already a project with ID pokedex. Please try again with a unique project ID.
[debug] [2023-06-08T01:30:25.329Z] ----------------------------------------------------------------------
[debug] [2023-06-08T01:30:25.329Z] Command:       /Users/yusufciftci/.nvm/versions/node/v18.12.1/bin/node /Users/yusufciftci/.nvm/versions/node/v18.12.1/bin/firebase init hosting
[debug] [2023-06-08T01:30:25.330Z] CLI Version:   11.24.0
[debug] [2023-06-08T01:30:25.330Z] Platform:      darwin
[debug] [2023-06-08T01:30:25.330Z] Node Version:  v18.12.1
[debug] [2023-06-08T01:30:25.330Z] Time:          Thu Jun 08 2023 04:30:25 GMT+0300 (GMT+03:00)
[debug] [2023-06-08T01:30:25.330Z] ----------------------------------------------------------------------
[debug] 
[debug] [2023-06-08T01:30:25.333Z] > command requires scopes: ["email","openid","https://www.googleapis.com/auth/cloudplatformprojects.readonly","https://www.googleapis.com/auth/firebase","https://www.googleapis.com/auth/cloud-platform"]
[debug] [2023-06-08T01:30:25.333Z] > authorizing via signed-in user (yusufciftci.55@gmail.com)
[info] 
     ######## #### ########  ######## ########     ###     ######  ########
     ##        ##  ##     ## ##       ##     ##  ##   ##  ##       ##
     ######    ##  ########  ######   ########  #########  ######  ######
     ##        ##  ##    ##  ##       ##     ## ##     ##       ## ##
     ##       #### ##     ## ######## ########  ##     ##  ######  ########

You're about to initialize a Firebase project in this directory:

  /Users/yusufciftci/job-task/react-pokedex

[info] 
=== Project Setup
[info] 
[info] First, let's associate this project directory with a Firebase project.
[info] You can create multiple project aliases by running firebase use --add, 
[info] but for now we'll just set up a default project.
[info] 
